<?xml version="1.0" encoding="UTF-8"?>
<testsuite xmlns:xsi="http://www.w3.org/2001/XMLSchema-instance" xsi:noNamespaceSchemaLocation="https://maven.apache.org/surefire/maven-surefire-plugin/xsd/surefire-test-report-3.0.xsd" version="3.0" name="org.deti.ua.pt.CucumberTest" time="0.141" tests="5" errors="0" skipped="0" failures="0">
  <properties>
    <property name="java.specification.version" value="21"/>
    <property name="sun.jnu.encoding" value="UTF-8"/>
    <property name="java.class.path" value="/home/joaoneto/Documents/3ano/2semestre/tqs/TQS_113482/lab5/lab5_2books/Books/target/test-classes:/home/joaoneto/Documents/3ano/2semestre/tqs/TQS_113482/lab5/lab5_2books/Books/target/classes:/home/joaoneto/.m2/repository/io/cucumber/cucumber-java/7.21.1/cucumber-java-7.21.1.jar:/home/joaoneto/.m2/repository/io/cucumber/cucumber-core/7.21.1/cucumber-core-7.21.1.jar:/home/joaoneto/.m2/repository/io/cucumber/cucumber-gherkin/7.21.1/cucumber-gherkin-7.21.1.jar:/home/joaoneto/.m2/repository/io/cucumber/cucumber-gherkin-messages/7.21.1/cucumber-gherkin-messages-7.21.1.jar:/home/joaoneto/.m2/repository/io/cucumber/gherkin/31.0.0/gherkin-31.0.0.jar:/home/joaoneto/.m2/repository/io/cucumber/messages/27.2.0/messages-27.2.0.jar:/home/joaoneto/.m2/repository/io/cucumber/testng-xml-formatter/0.3.1/testng-xml-formatter-0.3.1.jar:/home/joaoneto/.m2/repository/io/cucumber/query/13.2.0/query-13.2.0.jar:/home/joaoneto/.m2/repository/io/cucumber/tag-expressions/6.1.2/tag-expressions-6.1.2.jar:/home/joaoneto/.m2/repository/io/cucumber/cucumber-expressions/18.0.1/cucumber-expressions-18.0.1.jar:/home/joaoneto/.m2/repository/io/cucumber/datatable/7.21.1/datatable-7.21.1.jar:/home/joaoneto/.m2/repository/io/cucumber/cucumber-plugin/7.21.1/cucumber-plugin-7.21.1.jar:/home/joaoneto/.m2/repository/io/cucumber/docstring/7.21.1/docstring-7.21.1.jar:/home/joaoneto/.m2/repository/io/cucumber/html-formatter/21.9.0/html-formatter-21.9.0.jar:/home/joaoneto/.m2/repository/io/cucumber/junit-xml-formatter/0.7.1/junit-xml-formatter-0.7.1.jar:/home/joaoneto/.m2/repository/io/cucumber/ci-environment/10.0.1/ci-environment-10.0.1.jar:/home/joaoneto/.m2/repository/org/apiguardian/apiguardian-api/1.1.2/apiguardian-api-1.1.2.jar:/home/joaoneto/.m2/repository/io/cucumber/cucumber-junit-platform-engine/7.21.1/cucumber-junit-platform-engine-7.21.1.jar:/home/joaoneto/.m2/repository/org/junit/platform/junit-platform-engine/1.12.0/junit-platform-engine-1.12.0.jar:/home/joaoneto/.m2/repository/org/opentest4j/opentest4j/1.3.0/opentest4j-1.3.0.jar:/home/joaoneto/.m2/repository/org/junit/platform/junit-platform-commons/1.12.0/junit-platform-commons-1.12.0.jar:/home/joaoneto/.m2/repository/org/junit/platform/junit-platform-suite/1.12.0/junit-platform-suite-1.12.0.jar:/home/joaoneto/.m2/repository/org/junit/platform/junit-platform-suite-api/1.12.0/junit-platform-suite-api-1.12.0.jar:/home/joaoneto/.m2/repository/org/junit/platform/junit-platform-suite-engine/1.12.0/junit-platform-suite-engine-1.12.0.jar:/home/joaoneto/.m2/repository/org/junit/platform/junit-platform-suite-commons/1.12.0/junit-platform-suite-commons-1.12.0.jar:/home/joaoneto/.m2/repository/org/junit/platform/junit-platform-launcher/1.12.0/junit-platform-launcher-1.12.0.jar:/home/joaoneto/.m2/repository/org/junit/jupiter/junit-jupiter/5.12.0/junit-jupiter-5.12.0.jar:/home/joaoneto/.m2/repository/org/junit/jupiter/junit-jupiter-api/5.12.0/junit-jupiter-api-5.12.0.jar:/home/joaoneto/.m2/repository/org/junit/jupiter/junit-jupiter-params/5.12.0/junit-jupiter-params-5.12.0.jar:/home/joaoneto/.m2/repository/org/junit/jupiter/junit-jupiter-engine/5.12.0/junit-jupiter-engine-5.12.0.jar:/home/joaoneto/.m2/repository/org/slf4j/slf4j-api/2.0.12/slf4j-api-2.0.12.jar:/home/joaoneto/.m2/repository/ch/qos/logback/logback-classic/1.4.14/logback-classic-1.4.14.jar:/home/joaoneto/.m2/repository/ch/qos/logback/logback-core/1.4.14/logback-core-1.4.14.jar:"/>
    <property name="java.vm.vendor" value="Ubuntu"/>
    <property name="sun.arch.data.model" value="64"/>
    <property name="java.vendor.url" value="https://ubuntu.com/"/>
    <property name="user.country.format" value="PT"/>
    <property name="os.name" value="Linux"/>
    <property name="java.vm.specification.version" value="21"/>
    <property name="sun.java.launcher" value="SUN_STANDARD"/>
    <property name="user.country" value="US"/>
    <property name="sun.boot.library.path" value="/usr/lib/jvm/java-21-openjdk-amd64/lib"/>
    <property name="sun.java.command" value="/home/joaoneto/Documents/3ano/2semestre/tqs/TQS_113482/lab5/lab5_2books/Books/target/surefire/surefirebooter-20250314150134402_3.jar /home/joaoneto/Documents/3ano/2semestre/tqs/TQS_113482/lab5/lab5_2books/Books/target/surefire 2025-03-14T15-01-34_335-jvmRun1 surefire-20250314150134402_1tmp surefire_0-20250314150134402_2tmp"/>
    <property name="jdk.debug" value="release"/>
    <property name="surefire.test.class.path" value="/home/joaoneto/Documents/3ano/2semestre/tqs/TQS_113482/lab5/lab5_2books/Books/target/test-classes:/home/joaoneto/Documents/3ano/2semestre/tqs/TQS_113482/lab5/lab5_2books/Books/target/classes:/home/joaoneto/.m2/repository/io/cucumber/cucumber-java/7.21.1/cucumber-java-7.21.1.jar:/home/joaoneto/.m2/repository/io/cucumber/cucumber-core/7.21.1/cucumber-core-7.21.1.jar:/home/joaoneto/.m2/repository/io/cucumber/cucumber-gherkin/7.21.1/cucumber-gherkin-7.21.1.jar:/home/joaoneto/.m2/repository/io/cucumber/cucumber-gherkin-messages/7.21.1/cucumber-gherkin-messages-7.21.1.jar:/home/joaoneto/.m2/repository/io/cucumber/gherkin/31.0.0/gherkin-31.0.0.jar:/home/joaoneto/.m2/repository/io/cucumber/messages/27.2.0/messages-27.2.0.jar:/home/joaoneto/.m2/repository/io/cucumber/testng-xml-formatter/0.3.1/testng-xml-formatter-0.3.1.jar:/home/joaoneto/.m2/repository/io/cucumber/query/13.2.0/query-13.2.0.jar:/home/joaoneto/.m2/repository/io/cucumber/tag-expressions/6.1.2/tag-expressions-6.1.2.jar:/home/joaoneto/.m2/repository/io/cucumber/cucumber-expressions/18.0.1/cucumber-expressions-18.0.1.jar:/home/joaoneto/.m2/repository/io/cucumber/datatable/7.21.1/datatable-7.21.1.jar:/home/joaoneto/.m2/repository/io/cucumber/cucumber-plugin/7.21.1/cucumber-plugin-7.21.1.jar:/home/joaoneto/.m2/repository/io/cucumber/docstring/7.21.1/docstring-7.21.1.jar:/home/joaoneto/.m2/repository/io/cucumber/html-formatter/21.9.0/html-formatter-21.9.0.jar:/home/joaoneto/.m2/repository/io/cucumber/junit-xml-formatter/0.7.1/junit-xml-formatter-0.7.1.jar:/home/joaoneto/.m2/repository/io/cucumber/ci-environment/10.0.1/ci-environment-10.0.1.jar:/home/joaoneto/.m2/repository/org/apiguardian/apiguardian-api/1.1.2/apiguardian-api-1.1.2.jar:/home/joaoneto/.m2/repository/io/cucumber/cucumber-junit-platform-engine/7.21.1/cucumber-junit-platform-engine-7.21.1.jar:/home/joaoneto/.m2/repository/org/junit/platform/junit-platform-engine/1.12.0/junit-platform-engine-1.12.0.jar:/home/joaoneto/.m2/repository/org/opentest4j/opentest4j/1.3.0/opentest4j-1.3.0.jar:/home/joaoneto/.m2/repository/org/junit/platform/junit-platform-commons/1.12.0/junit-platform-commons-1.12.0.jar:/home/joaoneto/.m2/repository/org/junit/platform/junit-platform-suite/1.12.0/junit-platform-suite-1.12.0.jar:/home/joaoneto/.m2/repository/org/junit/platform/junit-platform-suite-api/1.12.0/junit-platform-suite-api-1.12.0.jar:/home/joaoneto/.m2/repository/org/junit/platform/junit-platform-suite-engine/1.12.0/junit-platform-suite-engine-1.12.0.jar:/home/joaoneto/.m2/repository/org/junit/platform/junit-platform-suite-commons/1.12.0/junit-platform-suite-commons-1.12.0.jar:/home/joaoneto/.m2/repository/org/junit/platform/junit-platform-launcher/1.12.0/junit-platform-launcher-1.12.0.jar:/home/joaoneto/.m2/repository/org/junit/jupiter/junit-jupiter/5.12.0/junit-jupiter-5.12.0.jar:/home/joaoneto/.m2/repository/org/junit/jupiter/junit-jupiter-api/5.12.0/junit-jupiter-api-5.12.0.jar:/home/joaoneto/.m2/repository/org/junit/jupiter/junit-jupiter-params/5.12.0/junit-jupiter-params-5.12.0.jar:/home/joaoneto/.m2/repository/org/junit/jupiter/junit-jupiter-engine/5.12.0/junit-jupiter-engine-5.12.0.jar:/home/joaoneto/.m2/repository/org/slf4j/slf4j-api/2.0.12/slf4j-api-2.0.12.jar:/home/joaoneto/.m2/repository/ch/qos/logback/logback-classic/1.4.14/logback-classic-1.4.14.jar:/home/joaoneto/.m2/repository/ch/qos/logback/logback-core/1.4.14/logback-core-1.4.14.jar:"/>
    <property name="sun.cpu.endian" value="little"/>
    <property name="user.home" value="/home/joaoneto"/>
    <property name="user.language" value="en"/>
    <property name="java.specification.vendor" value="Oracle Corporation"/>
    <property name="java.version.date" value="2025-01-21"/>
    <property name="java.home" value="/usr/lib/jvm/java-21-openjdk-amd64"/>
    <property name="file.separator" value="/"/>
    <property name="basedir" value="/home/joaoneto/Documents/3ano/2semestre/tqs/TQS_113482/lab5/lab5_2books/Books"/>
    <property name="java.vm.compressedOopsMode" value="Zero based"/>
    <property name="line.separator" value="&#10;"/>
    <property name="java.specification.name" value="Java Platform API Specification"/>
    <property name="java.vm.specification.vendor" value="Oracle Corporation"/>
    <property name="surefire.real.class.path" value="/home/joaoneto/Documents/3ano/2semestre/tqs/TQS_113482/lab5/lab5_2books/Books/target/surefire/surefirebooter-20250314150134402_3.jar"/>
    <property name="sun.management.compiler" value="HotSpot 64-Bit Tiered Compilers"/>
    <property name="java.runtime.version" value="21.0.6+7-Ubuntu-122.04.1"/>
    <property name="user.name" value="joaoneto"/>
    <property name="stdout.encoding" value="UTF-8"/>
    <property name="path.separator" value=":"/>
    <property name="os.version" value="6.8.0-52-generic"/>
    <property name="java.runtime.name" value="OpenJDK Runtime Environment"/>
    <property name="file.encoding" value="UTF-8"/>
    <property name="java.vm.name" value="OpenJDK 64-Bit Server VM"/>
    <property name="localRepository" value="/home/joaoneto/.m2/repository"/>
    <property name="java.vendor.url.bug" value="https://bugs.launchpad.net/ubuntu/+source/openjdk-21"/>
    <property name="java.io.tmpdir" value="/tmp"/>
    <property name="java.version" value="21.0.6"/>
    <property name="user.dir" value="/home/joaoneto/Documents/3ano/2semestre/tqs/TQS_113482/lab5/lab5_2books/Books"/>
    <property name="os.arch" value="amd64"/>
    <property name="java.vm.specification.name" value="Java Virtual Machine Specification"/>
    <property name="user.language.format" value="pt"/>
    <property name="native.encoding" value="UTF-8"/>
    <property name="java.library.path" value="/usr/java/packages/lib:/usr/lib/x86_64-linux-gnu/jni:/lib/x86_64-linux-gnu:/usr/lib/x86_64-linux-gnu:/usr/lib/jni:/lib:/usr/lib"/>
    <property name="java.vm.info" value="mixed mode, sharing"/>
    <property name="stderr.encoding" value="UTF-8"/>
    <property name="java.vendor" value="Ubuntu"/>
    <property name="java.vm.version" value="21.0.6+7-Ubuntu-122.04.1"/>
    <property name="sun.io.unicode.encoding" value="UnicodeLittle"/>
    <property name="java.class.version" value="65.0"/>
  </properties>
  <testcase name="Book Search - Add a new book" classname="Book Search" time="0.056">
    <system-out><![CDATA[
Scenario: Add a new book                                                              &amp#27;[90m# org/deti/ua/pt/books.feature:19&amp#27;[0m
  &amp#27;[32mGiven &amp#27;[0m&amp#27;[32mthe following were added to the library:&amp#27;[0m                                      &amp#27;[90m# org.deti.ua.pt.LibrarySteps.the_following_books_were_added(io.cucumber.datatable.DataTable)&amp#27;[0m
    | title                  | author              | published  |
    | The Hobbit             | J.R.R. Tolkien      | 1937-09-21 |
    | The Silmarillion       | J.R.R. Tolkien      | 1977-09-15 |
    | 1984                   | George Orwell       | 1949-06-08 |
    | Brave New World        | Aldous Huxley       | 1932-08-31 |
    | Fahrenheit 451         | Ray Bradbury        | 1953-10-19 |
    | The Catcher in the Rye | J.D. Salinger       | 1951-07-16 |
    | Animal Farm            | George Orwell       | 1945-08-17 |
    | The Great Gatsby       | F. Scott Fitzgerald | 1925-04-10 |
    | To Kill a Mockingbird  | Harper Lee          | 1960-07-11 |
    | Moby-Dick              | Herman Melville     | 1851-11-14 |
    | Pride and Prejudice    | Jane Austen         | 1813-01-28 |
    | 1984 Redux             | George Orwell       | 2020-11-05 |
  &amp#27;[32mGiven &amp#27;[0m&amp#27;[32ma book with the title &amp#27;[0m&amp#27;[32m&amp#27;[1m"TQS"&amp#27;[0m&amp#27;[32m, written by &amp#27;[0m&amp#27;[32m&amp#27;[1m"bitcoder"&amp#27;[0m&amp#27;[32m, published in &amp#27;[0m&amp#27;[32m&amp#27;[1m"2025-03-14"&amp#27;[0m &amp#27;[90m# org.deti.ua.pt.LibrarySteps.addNewBook(java.lang.String,java.lang.String,java.lang.String)&amp#27;[0m
  &amp#27;[32mWhen &amp#27;[0m&amp#27;[32mthe customer searches for books by title &amp#27;[0m&amp#27;[32m&amp#27;[1m"TQS"&amp#27;[0m                                 &amp#27;[90m# org.deti.ua.pt.LibrarySteps.the_customer_searches_for_books_by_title(java.lang.String)&amp#27;[0m
  &amp#27;[32mThen &amp#27;[0m&amp#27;[32mthe following books should be found:&amp#27;[0m                                           &amp#27;[90m# org.deti.ua.pt.LibrarySteps.the_following_books_should_be_found(io.cucumber.datatable.DataTable)&amp#27;[0m
    | title | published  |
    | TQS   | 2025-03-14 |
]]></system-out>
  </testcase>
  <testcase name="Book Search - Find books by author" classname="Book Search" time="0.008">
    <system-out><![CDATA[
Scenario: Find books by author                                   &amp#27;[90m# org/deti/ua/pt/books.feature:26&amp#27;[0m
  &amp#27;[32mGiven &amp#27;[0m&amp#27;[32mthe following were added to the library:&amp#27;[0m                 &amp#27;[90m# org.deti.ua.pt.LibrarySteps.the_following_books_were_added(io.cucumber.datatable.DataTable)&amp#27;[0m
    | title                  | author              | published  |
    | The Hobbit             | J.R.R. Tolkien      | 1937-09-21 |
    | The Silmarillion       | J.R.R. Tolkien      | 1977-09-15 |
    | 1984                   | George Orwell       | 1949-06-08 |
    | Brave New World        | Aldous Huxley       | 1932-08-31 |
    | Fahrenheit 451         | Ray Bradbury        | 1953-10-19 |
    | The Catcher in the Rye | J.D. Salinger       | 1951-07-16 |
    | Animal Farm            | George Orwell       | 1945-08-17 |
    | The Great Gatsby       | F. Scott Fitzgerald | 1925-04-10 |
    | To Kill a Mockingbird  | Harper Lee          | 1960-07-11 |
    | Moby-Dick              | Herman Melville     | 1851-11-14 |
    | Pride and Prejudice    | Jane Austen         | 1813-01-28 |
    | 1984 Redux             | George Orwell       | 2020-11-05 |
  &amp#27;[32mWhen &amp#27;[0m&amp#27;[32mthe customer searches for books by author &amp#27;[0m&amp#27;[32m&amp#27;[1m"George Orwell"&amp#27;[0m &amp#27;[90m# org.deti.ua.pt.LibrarySteps.the_customer_searches_for_books_by_author(java.lang.String)&amp#27;[0m
  &amp#27;[32mThen &amp#27;[0m&amp#27;[32mthe following books should be found:&amp#27;[0m                      &amp#27;[90m# org.deti.ua.pt.LibrarySteps.the_following_books_should_be_found(io.cucumber.datatable.DataTable)&amp#27;[0m
    | title       | published  |
    | 1984        | 1949-06-08 |
    | Animal Farm | 1945-08-17 |
    | 1984 Redux  | 2020-11-05 |
]]></system-out>
  </testcase>
  <testcase name="Book Search - Find books by title" classname="Book Search" time="0.006">
    <system-out><![CDATA[
Scenario: Find books by title                          &amp#27;[90m# org/deti/ua/pt/books.feature:34&amp#27;[0m
  &amp#27;[32mGiven &amp#27;[0m&amp#27;[32mthe following were added to the library:&amp#27;[0m       &amp#27;[90m# org.deti.ua.pt.LibrarySteps.the_following_books_were_added(io.cucumber.datatable.DataTable)&amp#27;[0m
    | title                  | author              | published  |
    | The Hobbit             | J.R.R. Tolkien      | 1937-09-21 |
    | The Silmarillion       | J.R.R. Tolkien      | 1977-09-15 |
    | 1984                   | George Orwell       | 1949-06-08 |
    | Brave New World        | Aldous Huxley       | 1932-08-31 |
    | Fahrenheit 451         | Ray Bradbury        | 1953-10-19 |
    | The Catcher in the Rye | J.D. Salinger       | 1951-07-16 |
    | Animal Farm            | George Orwell       | 1945-08-17 |
    | The Great Gatsby       | F. Scott Fitzgerald | 1925-04-10 |
    | To Kill a Mockingbird  | Harper Lee          | 1960-07-11 |
    | Moby-Dick              | Herman Melville     | 1851-11-14 |
    | Pride and Prejudice    | Jane Austen         | 1813-01-28 |
    | 1984 Redux             | George Orwell       | 2020-11-05 |
  &amp#27;[32mWhen &amp#27;[0m&amp#27;[32mthe customer searches for books by title &amp#27;[0m&amp#27;[32m&amp#27;[1m"1984"&amp#27;[0m &amp#27;[90m# org.deti.ua.pt.LibrarySteps.the_customer_searches_for_books_by_title(java.lang.String)&amp#27;[0m
  &amp#27;[32mThen &amp#27;[0m&amp#27;[32mthe following books should be found:&amp#27;[0m            &amp#27;[90m# org.deti.ua.pt.LibrarySteps.the_following_books_should_be_found(io.cucumber.datatable.DataTable)&amp#27;[0m
    | title      | published  |
    | 1984       | 1949-06-08 |
    | 1984 Redux | 2020-11-05 |
]]></system-out>
  </testcase>
  <testcase name="Book Search - Find books published between two dates" classname="Book Search" time="0.008">
    <system-out><![CDATA[
Scenario: Find books published between two dates                                       &amp#27;[90m# org/deti/ua/pt/books.feature:41&amp#27;[0m
  &amp#27;[32mGiven &amp#27;[0m&amp#27;[32mthe following were added to the library:&amp#27;[0m                                       &amp#27;[90m# org.deti.ua.pt.LibrarySteps.the_following_books_were_added(io.cucumber.datatable.DataTable)&amp#27;[0m
    | title                  | author              | published  |
    | The Hobbit             | J.R.R. Tolkien      | 1937-09-21 |
    | The Silmarillion       | J.R.R. Tolkien      | 1977-09-15 |
    | 1984                   | George Orwell       | 1949-06-08 |
    | Brave New World        | Aldous Huxley       | 1932-08-31 |
    | Fahrenheit 451         | Ray Bradbury        | 1953-10-19 |
    | The Catcher in the Rye | J.D. Salinger       | 1951-07-16 |
    | Animal Farm            | George Orwell       | 1945-08-17 |
    | The Great Gatsby       | F. Scott Fitzgerald | 1925-04-10 |
    | To Kill a Mockingbird  | Harper Lee          | 1960-07-11 |
    | Moby-Dick              | Herman Melville     | 1851-11-14 |
    | Pride and Prejudice    | Jane Austen         | 1813-01-28 |
    | 1984 Redux             | George Orwell       | 2020-11-05 |
  &amp#27;[32mWhen &amp#27;[0m&amp#27;[32mthe customer searches for books published between &amp#27;[0m&amp#27;[32m&amp#27;[1m"1930-01-01"&amp#27;[0m&amp#27;[32m and &amp#27;[0m&amp#27;[32m&amp#27;[1m"1950-12-31"&amp#27;[0m &amp#27;[90m# org.deti.ua.pt.LibrarySteps.the_customer_searches_for_books_published_between(java.lang.String,java.lang.String)&amp#27;[0m
  &amp#27;[32mThen &amp#27;[0m&amp#27;[32mthe following books should be found:&amp#27;[0m                                            &amp#27;[90m# org.deti.ua.pt.LibrarySteps.the_following_books_should_be_found(io.cucumber.datatable.DataTable)&amp#27;[0m
    | title           | published  |
    | The Hobbit      | 1937-09-21 |
    | 1984            | 1949-06-08 |
    | Brave New World | 1932-08-31 |
    | Animal Farm     | 1945-08-17 |
]]></system-out>
  </testcase>
  <testcase name="Book Search - Find books published in a specific year" classname="Book Search" time="0.006">
    <system-out><![CDATA[
Scenario: Find books published in a specific year        &amp#27;[90m# org/deti/ua/pt/books.feature:50&amp#27;[0m
  &amp#27;[32mGiven &amp#27;[0m&amp#27;[32mthe following were added to the library:&amp#27;[0m         &amp#27;[90m# org.deti.ua.pt.LibrarySteps.the_following_books_were_added(io.cucumber.datatable.DataTable)&amp#27;[0m
    | title                  | author              | published  |
    | The Hobbit             | J.R.R. Tolkien      | 1937-09-21 |
    | The Silmarillion       | J.R.R. Tolkien      | 1977-09-15 |
    | 1984                   | George Orwell       | 1949-06-08 |
    | Brave New World        | Aldous Huxley       | 1932-08-31 |
    | Fahrenheit 451         | Ray Bradbury        | 1953-10-19 |
    | The Catcher in the Rye | J.D. Salinger       | 1951-07-16 |
    | Animal Farm            | George Orwell       | 1945-08-17 |
    | The Great Gatsby       | F. Scott Fitzgerald | 1925-04-10 |
    | To Kill a Mockingbird  | Harper Lee          | 1960-07-11 |
    | Moby-Dick              | Herman Melville     | 1851-11-14 |
    | Pride and Prejudice    | Jane Austen         | 1813-01-28 |
    | 1984 Redux             | George Orwell       | 2020-11-05 |
  &amp#27;[32mWhen &amp#27;[0m&amp#27;[32mthe customer searches for books published in &amp#27;[0m&amp#27;[32m&amp#27;[1m1949&amp#27;[0m &amp#27;[90m# org.deti.ua.pt.LibrarySteps.the_customer_searches_for_books_published_in(java.lang.Integer)&amp#27;[0m
  &amp#27;[32mThen &amp#27;[0m&amp#27;[32mthe following books should be found:&amp#27;[0m              &amp#27;[90m# org.deti.ua.pt.LibrarySteps.the_following_books_should_be_found(io.cucumber.datatable.DataTable)&amp#27;[0m
    | title | published  |
    | 1984  | 1949-06-08 |
]]></system-out>
  </testcase>
</testsuite>