<?xml version="1.0" encoding="UTF-8"?>
<testsuite xmlns:xsi="http://www.w3.org/2001/XMLSchema-instance" xsi:noNamespaceSchemaLocation="https://maven.apache.org/surefire/maven-surefire-plugin/xsd/surefire-test-report-3.0.xsd" version="3.0" name="org.deti.ua.pt.CucumberTest" time="0.197" tests="10" errors="0" skipped="0" failures="0">
  <properties>
    <property name="java.specification.version" value="21"/>
    <property name="sun.jnu.encoding" value="UTF-8"/>
    <property name="java.class.path" value="/home/joaoneto/Documents/3ano/2semestre/tqs/TQS_113482/lab5/lab5_1calculator/Calculator/target/test-classes:/home/joaoneto/Documents/3ano/2semestre/tqs/TQS_113482/lab5/lab5_1calculator/Calculator/target/classes:/home/joaoneto/.m2/repository/io/cucumber/cucumber-java/7.21.1/cucumber-java-7.21.1.jar:/home/joaoneto/.m2/repository/io/cucumber/cucumber-core/7.21.1/cucumber-core-7.21.1.jar:/home/joaoneto/.m2/repository/io/cucumber/cucumber-gherkin/7.21.1/cucumber-gherkin-7.21.1.jar:/home/joaoneto/.m2/repository/io/cucumber/cucumber-gherkin-messages/7.21.1/cucumber-gherkin-messages-7.21.1.jar:/home/joaoneto/.m2/repository/io/cucumber/gherkin/31.0.0/gherkin-31.0.0.jar:/home/joaoneto/.m2/repository/io/cucumber/messages/27.2.0/messages-27.2.0.jar:/home/joaoneto/.m2/repository/io/cucumber/testng-xml-formatter/0.3.1/testng-xml-formatter-0.3.1.jar:/home/joaoneto/.m2/repository/io/cucumber/query/13.2.0/query-13.2.0.jar:/home/joaoneto/.m2/repository/io/cucumber/tag-expressions/6.1.2/tag-expressions-6.1.2.jar:/home/joaoneto/.m2/repository/io/cucumber/cucumber-expressions/18.0.1/cucumber-expressions-18.0.1.jar:/home/joaoneto/.m2/repository/io/cucumber/datatable/7.21.1/datatable-7.21.1.jar:/home/joaoneto/.m2/repository/io/cucumber/cucumber-plugin/7.21.1/cucumber-plugin-7.21.1.jar:/home/joaoneto/.m2/repository/io/cucumber/docstring/7.21.1/docstring-7.21.1.jar:/home/joaoneto/.m2/repository/io/cucumber/html-formatter/21.9.0/html-formatter-21.9.0.jar:/home/joaoneto/.m2/repository/io/cucumber/junit-xml-formatter/0.7.1/junit-xml-formatter-0.7.1.jar:/home/joaoneto/.m2/repository/io/cucumber/ci-environment/10.0.1/ci-environment-10.0.1.jar:/home/joaoneto/.m2/repository/org/apiguardian/apiguardian-api/1.1.2/apiguardian-api-1.1.2.jar:/home/joaoneto/.m2/repository/io/cucumber/cucumber-junit-platform-engine/7.21.1/cucumber-junit-platform-engine-7.21.1.jar:/home/joaoneto/.m2/repository/org/junit/platform/junit-platform-engine/1.12.0/junit-platform-engine-1.12.0.jar:/home/joaoneto/.m2/repository/org/opentest4j/opentest4j/1.3.0/opentest4j-1.3.0.jar:/home/joaoneto/.m2/repository/org/junit/platform/junit-platform-commons/1.12.0/junit-platform-commons-1.12.0.jar:/home/joaoneto/.m2/repository/org/junit/platform/junit-platform-suite/1.12.0/junit-platform-suite-1.12.0.jar:/home/joaoneto/.m2/repository/org/junit/platform/junit-platform-suite-api/1.12.0/junit-platform-suite-api-1.12.0.jar:/home/joaoneto/.m2/repository/org/junit/platform/junit-platform-suite-engine/1.12.0/junit-platform-suite-engine-1.12.0.jar:/home/joaoneto/.m2/repository/org/junit/platform/junit-platform-suite-commons/1.12.0/junit-platform-suite-commons-1.12.0.jar:/home/joaoneto/.m2/repository/org/junit/platform/junit-platform-launcher/1.12.0/junit-platform-launcher-1.12.0.jar:/home/joaoneto/.m2/repository/org/junit/jupiter/junit-jupiter/5.12.0/junit-jupiter-5.12.0.jar:/home/joaoneto/.m2/repository/org/junit/jupiter/junit-jupiter-api/5.12.0/junit-jupiter-api-5.12.0.jar:/home/joaoneto/.m2/repository/org/junit/jupiter/junit-jupiter-params/5.12.0/junit-jupiter-params-5.12.0.jar:/home/joaoneto/.m2/repository/org/junit/jupiter/junit-jupiter-engine/5.12.0/junit-jupiter-engine-5.12.0.jar:/home/joaoneto/.m2/repository/org/slf4j/slf4j-api/2.0.12/slf4j-api-2.0.12.jar:/home/joaoneto/.m2/repository/ch/qos/logback/logback-classic/1.4.14/logback-classic-1.4.14.jar:/home/joaoneto/.m2/repository/ch/qos/logback/logback-core/1.4.14/logback-core-1.4.14.jar:"/>
    <property name="java.vm.vendor" value="Ubuntu"/>
    <property name="sun.arch.data.model" value="64"/>
    <property name="java.vendor.url" value="https://ubuntu.com/"/>
    <property name="user.timezone" value="Europe/Lisbon"/>
    <property name="user.country.format" value="PT"/>
    <property name="os.name" value="Linux"/>
    <property name="java.vm.specification.version" value="21"/>
    <property name="sun.java.launcher" value="SUN_STANDARD"/>
    <property name="user.country" value="US"/>
    <property name="sun.boot.library.path" value="/usr/lib/jvm/java-21-openjdk-amd64/lib"/>
    <property name="sun.java.command" value="/home/joaoneto/Documents/3ano/2semestre/tqs/TQS_113482/lab5/lab5_1calculator/Calculator/target/surefire/surefirebooter-20250314123324233_3.jar /home/joaoneto/Documents/3ano/2semestre/tqs/TQS_113482/lab5/lab5_1calculator/Calculator/target/surefire 2025-03-14T12-33-24_165-jvmRun1 surefire-20250314123324233_1tmp surefire_0-20250314123324233_2tmp"/>
    <property name="jdk.debug" value="release"/>
    <property name="surefire.test.class.path" value="/home/joaoneto/Documents/3ano/2semestre/tqs/TQS_113482/lab5/lab5_1calculator/Calculator/target/test-classes:/home/joaoneto/Documents/3ano/2semestre/tqs/TQS_113482/lab5/lab5_1calculator/Calculator/target/classes:/home/joaoneto/.m2/repository/io/cucumber/cucumber-java/7.21.1/cucumber-java-7.21.1.jar:/home/joaoneto/.m2/repository/io/cucumber/cucumber-core/7.21.1/cucumber-core-7.21.1.jar:/home/joaoneto/.m2/repository/io/cucumber/cucumber-gherkin/7.21.1/cucumber-gherkin-7.21.1.jar:/home/joaoneto/.m2/repository/io/cucumber/cucumber-gherkin-messages/7.21.1/cucumber-gherkin-messages-7.21.1.jar:/home/joaoneto/.m2/repository/io/cucumber/gherkin/31.0.0/gherkin-31.0.0.jar:/home/joaoneto/.m2/repository/io/cucumber/messages/27.2.0/messages-27.2.0.jar:/home/joaoneto/.m2/repository/io/cucumber/testng-xml-formatter/0.3.1/testng-xml-formatter-0.3.1.jar:/home/joaoneto/.m2/repository/io/cucumber/query/13.2.0/query-13.2.0.jar:/home/joaoneto/.m2/repository/io/cucumber/tag-expressions/6.1.2/tag-expressions-6.1.2.jar:/home/joaoneto/.m2/repository/io/cucumber/cucumber-expressions/18.0.1/cucumber-expressions-18.0.1.jar:/home/joaoneto/.m2/repository/io/cucumber/datatable/7.21.1/datatable-7.21.1.jar:/home/joaoneto/.m2/repository/io/cucumber/cucumber-plugin/7.21.1/cucumber-plugin-7.21.1.jar:/home/joaoneto/.m2/repository/io/cucumber/docstring/7.21.1/docstring-7.21.1.jar:/home/joaoneto/.m2/repository/io/cucumber/html-formatter/21.9.0/html-formatter-21.9.0.jar:/home/joaoneto/.m2/repository/io/cucumber/junit-xml-formatter/0.7.1/junit-xml-formatter-0.7.1.jar:/home/joaoneto/.m2/repository/io/cucumber/ci-environment/10.0.1/ci-environment-10.0.1.jar:/home/joaoneto/.m2/repository/org/apiguardian/apiguardian-api/1.1.2/apiguardian-api-1.1.2.jar:/home/joaoneto/.m2/repository/io/cucumber/cucumber-junit-platform-engine/7.21.1/cucumber-junit-platform-engine-7.21.1.jar:/home/joaoneto/.m2/repository/org/junit/platform/junit-platform-engine/1.12.0/junit-platform-engine-1.12.0.jar:/home/joaoneto/.m2/repository/org/opentest4j/opentest4j/1.3.0/opentest4j-1.3.0.jar:/home/joaoneto/.m2/repository/org/junit/platform/junit-platform-commons/1.12.0/junit-platform-commons-1.12.0.jar:/home/joaoneto/.m2/repository/org/junit/platform/junit-platform-suite/1.12.0/junit-platform-suite-1.12.0.jar:/home/joaoneto/.m2/repository/org/junit/platform/junit-platform-suite-api/1.12.0/junit-platform-suite-api-1.12.0.jar:/home/joaoneto/.m2/repository/org/junit/platform/junit-platform-suite-engine/1.12.0/junit-platform-suite-engine-1.12.0.jar:/home/joaoneto/.m2/repository/org/junit/platform/junit-platform-suite-commons/1.12.0/junit-platform-suite-commons-1.12.0.jar:/home/joaoneto/.m2/repository/org/junit/platform/junit-platform-launcher/1.12.0/junit-platform-launcher-1.12.0.jar:/home/joaoneto/.m2/repository/org/junit/jupiter/junit-jupiter/5.12.0/junit-jupiter-5.12.0.jar:/home/joaoneto/.m2/repository/org/junit/jupiter/junit-jupiter-api/5.12.0/junit-jupiter-api-5.12.0.jar:/home/joaoneto/.m2/repository/org/junit/jupiter/junit-jupiter-params/5.12.0/junit-jupiter-params-5.12.0.jar:/home/joaoneto/.m2/repository/org/junit/jupiter/junit-jupiter-engine/5.12.0/junit-jupiter-engine-5.12.0.jar:/home/joaoneto/.m2/repository/org/slf4j/slf4j-api/2.0.12/slf4j-api-2.0.12.jar:/home/joaoneto/.m2/repository/ch/qos/logback/logback-classic/1.4.14/logback-classic-1.4.14.jar:/home/joaoneto/.m2/repository/ch/qos/logback/logback-core/1.4.14/logback-core-1.4.14.jar:"/>
    <property name="sun.cpu.endian" value="little"/>
    <property name="user.home" value="/home/joaoneto"/>
    <property name="user.language" value="en"/>
    <property name="java.specification.vendor" value="Oracle Corporation"/>
    <property name="java.version.date" value="2025-01-21"/>
    <property name="java.home" value="/usr/lib/jvm/java-21-openjdk-amd64"/>
    <property name="file.separator" value="/"/>
    <property name="basedir" value="/home/joaoneto/Documents/3ano/2semestre/tqs/TQS_113482/lab5/lab5_1calculator/Calculator"/>
    <property name="java.vm.compressedOopsMode" value="Zero based"/>
    <property name="line.separator" value="&#10;"/>
    <property name="java.vm.specification.vendor" value="Oracle Corporation"/>
    <property name="java.specification.name" value="Java Platform API Specification"/>
    <property name="surefire.real.class.path" value="/home/joaoneto/Documents/3ano/2semestre/tqs/TQS_113482/lab5/lab5_1calculator/Calculator/target/surefire/surefirebooter-20250314123324233_3.jar"/>
    <property name="sun.management.compiler" value="HotSpot 64-Bit Tiered Compilers"/>
    <property name="java.runtime.version" value="21.0.6+7-Ubuntu-122.04.1"/>
    <property name="user.name" value="joaoneto"/>
    <property name="stdout.encoding" value="UTF-8"/>
    <property name="path.separator" value=":"/>
    <property name="os.version" value="6.8.0-52-generic"/>
    <property name="java.runtime.name" value="OpenJDK Runtime Environment"/>
    <property name="file.encoding" value="UTF-8"/>
    <property name="java.vm.name" value="OpenJDK 64-Bit Server VM"/>
    <property name="localRepository" value="/home/joaoneto/.m2/repository"/>
    <property name="java.vendor.url.bug" value="https://bugs.launchpad.net/ubuntu/+source/openjdk-21"/>
    <property name="java.io.tmpdir" value="/tmp"/>
    <property name="java.version" value="21.0.6"/>
    <property name="user.dir" value="/home/joaoneto/Documents/3ano/2semestre/tqs/TQS_113482/lab5/lab5_1calculator/Calculator"/>
    <property name="os.arch" value="amd64"/>
    <property name="java.vm.specification.name" value="Java Virtual Machine Specification"/>
    <property name="user.language.format" value="pt"/>
    <property name="native.encoding" value="UTF-8"/>
    <property name="java.library.path" value="/usr/java/packages/lib:/usr/lib/x86_64-linux-gnu/jni:/lib/x86_64-linux-gnu:/usr/lib/x86_64-linux-gnu:/usr/lib/jni:/lib:/usr/lib"/>
    <property name="java.vm.info" value="mixed mode, sharing"/>
    <property name="stderr.encoding" value="UTF-8"/>
    <property name="java.vendor" value="Ubuntu"/>
    <property name="java.vm.version" value="21.0.6+7-Ubuntu-122.04.1"/>
    <property name="sun.io.unicode.encoding" value="UnicodeLittle"/>
    <property name="java.class.version" value="65.0"/>
  </properties>
  <testcase name="Basic Arithmetic - Addition" classname="Basic Arithmetic" time="0.107">
    <system-out><![CDATA[12:33:24.839 [main] DEBUG org.deti.ua.pt.CalculatorSteps -- Adding 4 and 5
12:33:24.845 [main] DEBUG org.deti.ua.pt.CalculatorSteps -- Result: 9.0 (expected 9.0)
]]></system-out>
  </testcase>
  <testcase name="Basic Arithmetic - Subtraction" classname="Basic Arithmetic" time="0.005">
    <system-out><![CDATA[12:33:24.856 [main] DEBUG org.deti.ua.pt.CalculatorSteps -- Subtracting 7 and 2
12:33:24.856 [main] DEBUG org.deti.ua.pt.CalculatorSteps -- Result: 5.0 (expected 5.0)
]]></system-out>
  </testcase>
  <testcase name="Basic Arithmetic - Multiplication" classname="Basic Arithmetic" time="0.005">
    <system-out><![CDATA[12:33:24.861 [main] DEBUG org.deti.ua.pt.CalculatorSteps -- Multiplying 6 by 3
12:33:24.862 [main] DEBUG org.deti.ua.pt.CalculatorSteps -- Result: 18.0 (expected 18.0)
]]></system-out>
  </testcase>
  <testcase name="Basic Arithmetic - Division" classname="Basic Arithmetic" time="0.004">
    <system-out><![CDATA[12:33:24.866 [main] DEBUG org.deti.ua.pt.CalculatorSteps -- Dividing 10 by 2
12:33:24.866 [main] DEBUG org.deti.ua.pt.CalculatorSteps -- Result: 5.0 (expected 5.0)
]]></system-out>
  </testcase>
  <testcase name="Basic Arithmetic - Division by zero" classname="Basic Arithmetic" time="0.004">
    <system-out><![CDATA[12:33:24.870 [main] DEBUG org.deti.ua.pt.CalculatorSteps -- Dividing 8 by 0
12:33:24.871 [main] DEBUG org.deti.ua.pt.CalculatorSteps -- Checking for an error result
]]></system-out>
  </testcase>
  <testcase name="Basic Arithmetic - Invalid operation" classname="Basic Arithmetic" time="0.004">
    <system-out><![CDATA[12:33:24.874 [main] DEBUG org.deti.ua.pt.CalculatorSteps -- Performing invalid operation with 4 and 2
12:33:24.875 [main] DEBUG org.deti.ua.pt.CalculatorSteps -- Checking for an error result
]]></system-out>
  </testcase>
  <testcase name="Basic Arithmetic - Several calculations - Various calculations - Example #1.1" classname="Basic Arithmetic - Several calculations - Various calculations" time="0.003">
    <system-out><![CDATA[12:33:24.878 [main] DEBUG org.deti.ua.pt.CalculatorSteps -- Adding 1 and 2
12:33:24.879 [main] DEBUG org.deti.ua.pt.CalculatorSteps -- Result: 3.0 (expected 3.0)
]]></system-out>
  </testcase>
  <testcase name="Basic Arithmetic - Several calculations - Various calculations - Example #1.2" classname="Basic Arithmetic - Several calculations - Various calculations" time="0.004">
    <system-out><![CDATA[12:33:24.882 [main] DEBUG org.deti.ua.pt.CalculatorSteps -- Subtracting 9 and 4
12:33:24.882 [main] DEBUG org.deti.ua.pt.CalculatorSteps -- Result: 5.0 (expected 5.0)
]]></system-out>
  </testcase>
  <testcase name="Basic Arithmetic - Several calculations - Various calculations - Example #1.3" classname="Basic Arithmetic - Several calculations - Various calculations" time="0.004">
    <system-out><![CDATA[12:33:24.886 [main] DEBUG org.deti.ua.pt.CalculatorSteps -- Multiplying 2 by 3
12:33:24.886 [main] DEBUG org.deti.ua.pt.CalculatorSteps -- Result: 6.0 (expected 6.0)
]]></system-out>
  </testcase>
  <testcase name="Basic Arithmetic - Several calculations - Various calculations - Example #1.4" classname="Basic Arithmetic - Several calculations - Various calculations" time="0.003">
    <system-out><![CDATA[12:33:24.889 [main] DEBUG org.deti.ua.pt.CalculatorSteps -- Dividing 8 by 4
12:33:24.889 [main] DEBUG org.deti.ua.pt.CalculatorSteps -- Result: 2.0 (expected 2.0)
]]></system-out>
  </testcase>
</testsuite>